#! /opt/homebrew/Cellar/icarus-verilog/12.0/bin/vvp
:ivl_version "12.0 (stable)";
:ivl_delay_selection "TYPICAL";
:vpi_time_precision - 10;
:vpi_module "/opt/homebrew/Cellar/icarus-verilog/12.0/lib/ivl/system.vpi";
:vpi_module "/opt/homebrew/Cellar/icarus-verilog/12.0/lib/ivl/vhdl_sys.vpi";
:vpi_module "/opt/homebrew/Cellar/icarus-verilog/12.0/lib/ivl/vhdl_textio.vpi";
:vpi_module "/opt/homebrew/Cellar/icarus-verilog/12.0/lib/ivl/v2005_math.vpi";
:vpi_module "/opt/homebrew/Cellar/icarus-verilog/12.0/lib/ivl/va_math.vpi";
S_0x14be0b350 .scope module, "detector_tb" "detector_tb" 2 6;
 .timescale -10 -10;
v0x14be25670_0 .var "CLK", 0 0;
v0x14be25710_0 .var/i "Passed", 31 0;
v0x14be257b0_0 .var "ans", 0 127;
v0x14be25870_0 .var/i "i", 31 0;
v0x14be25920_0 .var "in", 0 0;
v0x14be259f0_0 .net "out", 0 0, v0x14be25340_0;  1 drivers
v0x14be25aa0_0 .var "pattern", 0 127;
v0x14be25b30_0 .var "reset", 0 0;
S_0x14be07490 .scope module, "UUT" "detector_010" 2 22, 3 3 0, S_0x14be0b350;
 .timescale -10 -10;
    .port_info 0 /INPUT 1 "clk";
    .port_info 1 /INPUT 1 "reset";
    .port_info 2 /INPUT 1 "in";
    .port_info 3 /OUTPUT 1 "out";
P_0x14be07600 .param/l "Got0" 0 3 10, C4<01>;
P_0x14be07640 .param/l "Got01" 0 3 10, C4<10>;
P_0x14be07680 .param/l "Got010" 0 3 10, C4<11>;
P_0x14be076c0 .param/l "Init" 0 3 10, C4<00>;
v0x14be07700_0 .net "clk", 0 0, v0x14be25670_0;  1 drivers
v0x14be252a0_0 .net "in", 0 0, v0x14be25920_0;  1 drivers
v0x14be25340_0 .var "out", 0 0;
v0x14be253f0_0 .net "reset", 0 0, v0x14be25b30_0;  1 drivers
v0x14be25490_0 .var "scurr", 1 0;
v0x14be25580_0 .var "snext", 1 0;
E_0x14be07dd0 .event posedge, v0x14be07700_0;
E_0x14be07ef0 .event anyedge, v0x14be25490_0;
E_0x14be082c0 .event anyedge, v0x14be25490_0, v0x14be252a0_0;
    .scope S_0x14be07490;
T_0 ;
    %wait E_0x14be082c0;
    %load/vec4 v0x14be25490_0;
    %dup/vec4;
    %pushi/vec4 0, 0, 2;
    %cmp/u;
    %jmp/1 T_0.0, 6;
    %dup/vec4;
    %pushi/vec4 1, 0, 2;
    %cmp/u;
    %jmp/1 T_0.1, 6;
    %dup/vec4;
    %pushi/vec4 2, 0, 2;
    %cmp/u;
    %jmp/1 T_0.2, 6;
    %dup/vec4;
    %pushi/vec4 3, 0, 2;
    %cmp/u;
    %jmp/1 T_0.3, 6;
    %jmp T_0.4;
T_0.0 ;
    %load/vec4 v0x14be252a0_0;
    %pad/u 32;
    %cmpi/e 1, 0, 32;
    %jmp/0xz  T_0.5, 4;
    %pushi/vec4 0, 0, 2;
    %store/vec4 v0x14be25580_0, 0, 2;
    %jmp T_0.6;
T_0.5 ;
    %pushi/vec4 1, 0, 2;
    %store/vec4 v0x14be25580_0, 0, 2;
T_0.6 ;
    %jmp T_0.4;
T_0.1 ;
    %load/vec4 v0x14be252a0_0;
    %pad/u 32;
    %cmpi/e 1, 0, 32;
    %jmp/0xz  T_0.7, 4;
    %pushi/vec4 2, 0, 2;
    %store/vec4 v0x14be25580_0, 0, 2;
    %jmp T_0.8;
T_0.7 ;
    %pushi/vec4 1, 0, 2;
    %store/vec4 v0x14be25580_0, 0, 2;
T_0.8 ;
    %jmp T_0.4;
T_0.2 ;
    %load/vec4 v0x14be252a0_0;
    %pad/u 32;
    %cmpi/e 1, 0, 32;
    %jmp/0xz  T_0.9, 4;
    %pushi/vec4 0, 0, 2;
    %store/vec4 v0x14be25580_0, 0, 2;
    %jmp T_0.10;
T_0.9 ;
    %pushi/vec4 3, 0, 2;
    %store/vec4 v0x14be25580_0, 0, 2;
T_0.10 ;
    %jmp T_0.4;
T_0.3 ;
    %load/vec4 v0x14be252a0_0;
    %pad/u 32;
    %cmpi/e 1, 0, 32;
    %jmp/0xz  T_0.11, 4;
    %pushi/vec4 2, 0, 2;
    %store/vec4 v0x14be25580_0, 0, 2;
    %jmp T_0.12;
T_0.11 ;
    %pushi/vec4 1, 0, 2;
    %store/vec4 v0x14be25580_0, 0, 2;
T_0.12 ;
    %jmp T_0.4;
T_0.4 ;
    %pop/vec4 1;
    %jmp T_0;
    .thread T_0, $push;
    .scope S_0x14be07490;
T_1 ;
    %wait E_0x14be07ef0;
    %load/vec4 v0x14be25490_0;
    %cmpi/e 3, 0, 2;
    %jmp/0xz  T_1.0, 4;
    %pushi/vec4 1, 0, 1;
    %store/vec4 v0x14be25340_0, 0, 1;
    %jmp T_1.1;
T_1.0 ;
    %pushi/vec4 0, 0, 1;
    %store/vec4 v0x14be25340_0, 0, 1;
T_1.1 ;
    %jmp T_1;
    .thread T_1, $push;
    .scope S_0x14be07490;
T_2 ;
    %wait E_0x14be07dd0;
    %load/vec4 v0x14be253f0_0;
    %pad/u 32;
    %cmpi/e 1, 0, 32;
    %jmp/0xz  T_2.0, 4;
    %pushi/vec4 0, 0, 2;
    %assign/vec4 v0x14be25490_0, 0;
    %jmp T_2.1;
T_2.0 ;
    %load/vec4 v0x14be25580_0;
    %assign/vec4 v0x14be25490_0, 0;
T_2.1 ;
    %jmp T_2;
    .thread T_2;
    .scope S_0x14be0b350;
T_3 ;
    %delay 5, 0;
    %load/vec4 v0x14be25670_0;
    %inv;
    %store/vec4 v0x14be25670_0, 0, 1;
    %jmp T_3;
    .thread T_3;
    .scope S_0x14be0b350;
T_4 ;
    %pushi/vec4 0, 0, 1;
    %store/vec4 v0x14be25670_0, 0, 1;
    %pushi/vec4 0, 0, 1;
    %store/vec4 v0x14be25920_0, 0, 1;
    %pushi/vec4 0, 0, 1;
    %store/vec4 v0x14be25b30_0, 0, 1;
    %pushi/vec4 3745696572, 0, 36;
    %concati/vec4 3044466878, 0, 34;
    %concati/vec4 3068822803, 0, 32;
    %concati/vec4 3738834, 0, 26;
    %store/vec4 v0x14be25aa0_0, 0, 128;
    %pushi/vec4 2215641154, 0, 46;
    %concati/vec4 2147500096, 0, 32;
    %concati/vec4 2823880708, 0, 37;
    %concati/vec4 9, 0, 13;
    %store/vec4 v0x14be257b0_0, 0, 128;
    %pushi/vec4 0, 0, 32;
    %store/vec4 v0x14be25710_0, 0, 32;
    %delay 5, 0;
    %pushi/vec4 1, 0, 1;
    %store/vec4 v0x14be25b30_0, 0, 1;
    %delay 15, 0;
    %pushi/vec4 0, 0, 1;
    %store/vec4 v0x14be25b30_0, 0, 1;
    %delay 10, 0;
    %pushi/vec4 0, 0, 32;
    %store/vec4 v0x14be25870_0, 0, 32;
T_4.0 ;
    %load/vec4 v0x14be25870_0;
    %cmpi/s 128, 0, 32;
    %jmp/0xz T_4.1, 5;
    %load/vec4 v0x14be25aa0_0;
    %pushi/vec4 127, 0, 34;
    %load/vec4 v0x14be25870_0;
    %pad/s 34;
    %sub;
    %part/s 1;
    %store/vec4 v0x14be25920_0, 0, 1;
    %delay 10, 0;
    %load/vec4 v0x14be259f0_0;
    %load/vec4 v0x14be257b0_0;
    %pushi/vec4 127, 0, 34;
    %load/vec4 v0x14be25870_0;
    %pad/s 34;
    %sub;
    %part/s 1;
    %cmp/e;
    %jmp/0xz  T_4.2, 4;
    %load/vec4 v0x14be25710_0;
    %addi 1, 0, 32;
    %store/vec4 v0x14be25710_0, 0, 32;
T_4.2 ;
    %load/vec4 v0x14be25870_0;
    %addi 1, 0, 32;
    %store/vec4 v0x14be25870_0, 0, 32;
    %jmp T_4.0;
T_4.1 ;
    %pushi/vec4 128, 0, 32;
    %load/vec4 v0x14be25710_0;
    %sub;
    %vpi_call 2 60 "$display", "Passed = %0d, Failed = %0d", v0x14be25710_0, S<0,vec4,s32> {1 0 0};
    %vpi_call 2 61 "$finish" {0 0 0};
    %end;
    .thread T_4;
# The file index is used to find the file name in the following table.
:file_names 4;
    "N/A";
    "<interactive>";
    "010_tb.v";
    "010.v";
